<?xml version="1.0" encoding="UTF-8"?>
<testng-results total="1" passed="1" failed="0" skipped="0">
  <reporter-output>
  </reporter-output>
  <suite started-at="2019-05-07T08:58:45Z" name="Default suite" finished-at="2019-05-07T08:59:52Z" duration-ms="67550">
    <groups>
    </groups>
    <test started-at="2019-05-07T08:58:45Z" name="Default test" finished-at="2019-05-07T08:59:52Z" duration-ms="67550">
      <class name="Example.NewTest">
        <test-method is-config="true" signature="beforeTest()[pri:0, instance:Example.NewTest@3c0be339]" started-at="2019-05-07T09:58:45Z" name="beforeTest" finished-at="2019-05-07T09:59:19Z" duration-ms="34039" status="PASS">
          <reporter-output>
          </reporter-output>
        </test-method> <!-- beforeTest -->
        <test-method signature="funcSearch()[pri:0, instance:Example.NewTest@3c0be339]" started-at="2019-05-07T09:59:19Z" name="funcSearch" finished-at="2019-05-07T09:59:51Z" duration-ms="31779" status="PASS">
          <reporter-output>
          </reporter-output>
        </test-method> <!-- funcSearch -->
        <test-method is-config="true" signature="afterTest()[pri:0, instance:Example.NewTest@3c0be339]" started-at="2019-05-07T09:59:51Z" name="afterTest" finished-at="2019-05-07T09:59:52Z" duration-ms="1564" status="PASS">
          <reporter-output>
          </reporter-output>
        </test-method> <!-- afterTest -->
      </class> <!-- Example.NewTest -->
    </test> <!-- Default test -->
  </suite> <!-- Default suite -->
</testng-results>
